<?xml version="1.0" encoding="UTF-8"?>
<testng-results ignored="0" total="1" passed="1" failed="0" skipped="0">
  <reporter-output>
  </reporter-output>
  <suite started-at="2023-11-30T15:50:28 IST" name="Surefire suite" finished-at="2023-11-30T15:50:57 IST" duration-ms="29644">
    <groups>
      <group name="cucumber">
        <method signature="AbstractTestNGCucumberTests.runScenario(io.cucumber.testng.PickleWrapper,io.cucumber.testng.FeatureWrapper)[pri:0, instance:Runner.TestRunner@1817d444]" name="runScenario" class="io.cucumber.testng.AbstractTestNGCucumberTests"/>
      </group> <!-- cucumber -->
    </groups>
    <test started-at="2023-11-30T15:50:28 IST" name="Surefire test" finished-at="2023-11-30T15:50:57 IST" duration-ms="29644">
      <class name="Runner.TestRunner">
        <test-method is-config="true" signature="setUpClass(org.testng.ITestContext)[pri:0, instance:Runner.TestRunner@1817d444]" started-at="2023-11-30T15:50:28 IST" name="setUpClass" finished-at="2023-11-30T15:50:29 IST" duration-ms="957" status="PASS">
          <params>
            <param index="0">
              <value>
                <![CDATA[org.testng.TestRunner@4ecd00b5]]>
              </value>
            </param>
          </params>
          <reporter-output>
          </reporter-output>
        </test-method> <!-- setUpClass -->
        <test-method signature="runScenario(io.cucumber.testng.PickleWrapper,io.cucumber.testng.FeatureWrapper)[pri:0, instance:Runner.TestRunner@1817d444]" started-at="2023-11-30T15:50:29 IST" name="runScenario" description="Runs Cucumber Scenarios" data-provider="scenarios" finished-at="2023-11-30T15:50:57 IST" duration-ms="28482" status="PASS">
          <params>
            <param index="0">
              <value>
                <![CDATA["Test the Google search functionality"]]>
              </value>
            </param>
            <param index="1">
              <value>
                <![CDATA["Google search functionality"]]>
              </value>
            </param>
          </params>
          <reporter-output>
          </reporter-output>
        </test-method> <!-- runScenario -->
        <test-method is-config="true" signature="tearDownClass()[pri:0, instance:Runner.TestRunner@1817d444]" started-at="2023-11-30T15:50:57 IST" name="tearDownClass" finished-at="2023-11-30T15:50:57 IST" duration-ms="101" status="PASS">
          <reporter-output>
          </reporter-output>
        </test-method> <!-- tearDownClass -->
      </class> <!-- Runner.TestRunner -->
    </test> <!-- Surefire test -->
  </suite> <!-- Surefire suite -->
</testng-results>
