<?xml version="1.0" encoding="UTF-8"?>
<testsuite xmlns:xsi="http://www.w3.org/2001/XMLSchema-instance" xsi:noNamespaceSchemaLocation="https://maven.apache.org/surefire/maven-surefire-plugin/xsd/surefire-test-report-3.0.xsd" version="3.0" name="Runner.TestRunner" time="30.436" tests="1" errors="0" skipped="0" failures="0">
  <properties>
[...]
</properties>
  <testcase name="runScenario[&quot;Test the Google search functionality&quot;, &quot;Google search functionality&quot;](1)" classname="Runner.TestRunner" time="28.482">
    <system-out><![CDATA[
Scenario: Test the Google search functionality         &amp#27;[90m# src/test/resources/FeatureFiles/GoogleSearch.feature:3&amp#27;[0m
  &amp#27;[32mGiven &amp#27;[0m&amp#27;[32mI am on the &amp#27;[0m&amp#27;[32m&amp#27;[1m"https://www.google.com/"&amp#27;[0m&amp#27;[32m url&amp#27;[0m      &amp#27;[90m# com.google.search.step.definitions.GoogleSearchSteps.openUrl(java.lang.String)&amp#27;[0m
  &amp#27;[32mWhen &amp#27;[0m&amp#27;[32mI search &amp#27;[0m&amp#27;[32m&amp#27;[1m"Atliq Technology"&amp#27;[0m&amp#27;[32m into the search bar&amp#27;[0m &amp#27;[90m# com.google.search.step.definitions.GoogleSearchSteps.searchTheUserInput(java.lang.String)&amp#27;[0m
  &amp#27;[32mAnd &amp#27;[0m&amp#27;[32mI press enter&amp#27;[0m                                    &amp#27;[90m# com.google.search.step.definitions.GoogleSearchSteps.pressEnter()&amp#27;[0m
  &amp#27;[32mThen &amp#27;[0m&amp#27;[32mI should be navigated to the search options&amp#27;[0m     &amp#27;[90m# com.google.search.step.definitions.GoogleSearchSteps.i_should_be_navigated_to_the_search_options()&amp#27;[0m
]]></system-out>
    <system-err><![CDATA[SLF4J: Failed to load class "org.slf4j.impl.StaticLoggerBinder".
SLF4J: Defaulting to no-operation (NOP) logger implementation
SLF4J: See http://www.slf4j.org/codes.html#StaticLoggerBinder for further details.
Nov 30, 2023 3:50:30 PM org.openqa.selenium.remote.service.DriverService$Builder getLogOutput
INFO: Driver logs no longer sent to console by default; https://www.selenium.dev/documentation/webdriver/drivers/service/#setting-log-output
Nov 30, 2023 3:50:33 PM org.openqa.selenium.devtools.CdpVersionFinder findNearestMatch
WARNING: Unable to find CDP implementation matching 119
Nov 30, 2023 3:50:33 PM org.openqa.selenium.chromium.ChromiumDriver lambda$new$4
WARNING: Unable to find version of CDP to use for . You may need to include a dependency on a specific version of the CDP using something similar to `org.seleniumhq.selenium:selenium-devtools-v86:4.10.0` where the version ("v86") matches the version of the chromium-based browser you're using and the version number of the artifact is the same as Selenium's.
]]></system-err>
  </testcase>
</testsuite>